<?xml version="1.0" encoding="UTF-8"?>
<!-- Generated by org.testng.reporters.JUnitReportReporter -->
<testsuite hostname="LAPTOP-GN8K1QE9" failures="0" tests="2" name="testNG.TestCase1" time="0.010" errors="0" timestamp="22 May 2021 15:14:38 GMT" skipped="0">
  <testcase classname="testNG.TestCase1" name="CreditTest3" time="0.002"/>
  <testcase classname="testNG.TestCase1" name="CreditTest1" time="0.008"/>
</testsuite> <!-- testNG.TestCase1 -->
