<?xml version="1.0" encoding="UTF-8"?>
<!-- Generated by org.testng.reporters.JUnitReportReporter -->
<testsuite hostname="LAPTOP-GN8K1QE9" failures="0" tests="1" name="test.LoginTest" time="20.106" errors="0" timestamp="23 May 2021 14:01:33 GMT" skipped="0">
  <testcase classname="test.LoginTest" name="login" time="20.106"/>
</testsuite> <!-- test.LoginTest -->
