<?xml version="1.0" encoding="UTF-8"?>
<!-- Generated by org.testng.reporters.JUnitReportReporter -->
<testsuite hostname="LAPTOP-GN8K1QE9" failures="0" tests="2" name="testNG.DataProviderExample" time="0.009" errors="0" timestamp="22 May 2021 17:10:57 GMT" skipped="0">
  <testcase classname="testNG.DataProviderExample" name="test" time="0.008"/>
  <testcase classname="testNG.DataProviderExample" name="test" time="0.001"/>
</testsuite> <!-- testNG.DataProviderExample -->
