<?xml version="1.0" encoding="UTF-8"?>
<!-- Generated by org.testng.reporters.JUnitReportReporter -->
<testsuite hostname="LAPTOP-GN8K1QE9" failures="0" tests="1" name="testNG.TestCase2" time="0.001" errors="0" timestamp="22 May 2021 15:14:38 GMT" skipped="0">
  <testcase classname="testNG.TestCase2" name="test3" time="0.001"/>
</testsuite> <!-- testNG.TestCase2 -->
